<?xml version="1.0" encoding="UTF-8"?>
<!-- Generated by org.testng.reporters.JUnitReportReporter -->
<testsuite hostname="Arbazs-MBP.domain.name" failures="0" tests="3" name="com.PIMModule.EmployeeMgmt" time="93.744" errors="0" timestamp="2023-07-23T12:32:52 IST" skipped="0">
  <testcase classname="com.PIMModule.EmployeeMgmt" name="addEmployee" time="27.675"/>
  <system-out/>
  <testcase classname="com.PIMModule.EmployeeMgmt" name="UpdateEmployee" time="42.343"/>
  <system-out/>
  <testcase classname="com.PIMModule.EmployeeMgmt" name="deleteEmployee" time="23.726"/>
  <system-out/>
</testsuite> <!-- com.PIMModule.EmployeeMgmt -->
