<?xml version="1.0" encoding="UTF-8"?>
<!-- Generated by org.testng.reporters.JUnitReportReporter -->
<testsuite hostname="Arbazs-MBP.domain.name" failures="0" tests="1" name="com.PIMModule.BaseClass" time="15.382" errors="0" timestamp="2023-07-22T21:36:20 IST" skipped="0">
  <testcase classname="com.PIMModule.BaseClass" name="login" time="15.382"/>
  <system-out/>
</testsuite> <!-- com.PIMModule.BaseClass -->
