<?xml version="1.0" encoding="UTF-8"?>
<!-- Generated by org.testng.reporters.JUnitReportReporter -->
<testsuite hostname="Arbazs-MBP.domain.name" failures="0" tests="1" name="com.PIMModule.OptionalField" time="19.254" errors="0" timestamp="2023-07-23T11:46:05 IST" skipped="0">
  <testcase classname="com.PIMModule.OptionalField" name="optinalFieldToggleTurnOff" time="19.254"/>
  <system-out/>
</testsuite> <!-- com.PIMModule.OptionalField -->
