<?xml version="1.0" encoding="UTF-8"?>
<!-- Generated by org.testng.reporters.JUnitReportReporter -->
<testsuite hostname="Arbazs-MBP.domain.name" failures="0" tests="1" name="com.PIMModule.OrangeHRMLogout" time="10.619" errors="0" timestamp="2023-07-23T12:06:26 IST" skipped="0">
  <testcase classname="com.PIMModule.OrangeHRMLogout" name="logOut" time="10.619"/>
  <system-out/>
</testsuite> <!-- com.PIMModule.OrangeHRMLogout -->
