<?xml version="1.0" encoding="UTF-8"?>
<!-- Generated by org.testng.reporters.JUnitReportReporter -->
<testsuite hostname="Arbazs-MBP.domain.name" failures="0" tests="1" name="com.PIMModule.OrangeHRMLogin" time="17.743" errors="0" timestamp="2023-07-23T08:19:44 IST" skipped="0">
  <testcase classname="com.PIMModule.OrangeHRMLogin" name="loginWithEmptyFields" time="17.743"/>
  <system-out/>
</testsuite> <!-- com.PIMModule.OrangeHRMLogin -->
