<?xml version="1.0" encoding="UTF-8"?>
<!-- Generated by org.testng.reporters.JUnitReportReporter -->
<testsuite hostname="Arbazs-MBP.domain.name" failures="0" tests="1" name="com.PIMModule.EmployeeMgmt" time="25.362" errors="0" timestamp="2023-07-26T09:58:54 IST" skipped="0">
  <testcase classname="com.PIMModule.EmployeeMgmt" name="deleteEmployee" time="25.362"/>
  <system-out/>
</testsuite> <!-- com.PIMModule.EmployeeMgmt -->
